2023-11-29 12:37:41.234 [info] Log level: Info
2023-11-29 12:37:41.234 [info] Validating found git in: "git"
2023-11-29 12:37:41.234 [info] Using git "2.43.0" from "git"
2023-11-29 12:37:41.234 [info] > git rev-parse --show-toplevel [72ms]
2023-11-29 12:37:41.234 [info] fatal: not a git repository (or any parent up to mount point /mnt)
Stopping at filesystem boundary (GIT_DISCOVERY_ACROSS_FILESYSTEM not set).
2023-11-29 12:37:41.235 [info] > git rev-parse --show-toplevel [2ms]
2023-11-29 12:37:41.235 [info] fatal: not a git repository (or any parent up to mount point /mnt)
Stopping at filesystem boundary (GIT_DISCOVERY_ACROSS_FILESYSTEM not set).
2023-11-29 12:37:41.260 [info] > git rev-parse --show-toplevel [22ms]
2023-11-29 12:37:41.260 [info] fatal: not a git repository (or any parent up to mount point /mnt)
Stopping at filesystem boundary (GIT_DISCOVERY_ACROSS_FILESYSTEM not set).
2023-11-29 12:37:41.265 [info] > git rev-parse --show-toplevel [2ms]
2023-11-29 12:37:41.265 [info] fatal: not a git repository (or any parent up to mount point /mnt)
Stopping at filesystem boundary (GIT_DISCOVERY_ACROSS_FILESYSTEM not set).
2023-11-29 12:37:41.324 [info] > git rev-parse --show-toplevel [57ms]
2023-11-29 12:37:41.324 [info] fatal: not a git repository (or any parent up to mount point /mnt)
Stopping at filesystem boundary (GIT_DISCOVERY_ACROSS_FILESYSTEM not set).
2023-11-29 12:37:41.329 [info] > git rev-parse --show-toplevel [1ms]
2023-11-29 12:37:41.329 [info] fatal: not a git repository (or any parent up to mount point /mnt)
Stopping at filesystem boundary (GIT_DISCOVERY_ACROSS_FILESYSTEM not set).
2023-11-29 12:37:41.334 [info] > git rev-parse --show-toplevel [2ms]
2023-11-29 12:37:41.334 [info] fatal: not a git repository (or any parent up to mount point /mnt)
Stopping at filesystem boundary (GIT_DISCOVERY_ACROSS_FILESYSTEM not set).
2023-11-29 12:37:41.802 [info] > git rev-parse --show-toplevel [1ms]
2023-11-29 12:37:41.802 [info] fatal: not a git repository (or any parent up to mount point /mnt)
Stopping at filesystem boundary (GIT_DISCOVERY_ACROSS_FILESYSTEM not set).
