2023-11-27 22:40:11.552 [info] Log level: Info
2023-11-27 22:40:11.552 [info] Validating found git in: "git"
2023-11-27 22:40:11.552 [info] Using git "2.42.1" from "git"
2023-11-27 22:40:11.552 [info] > git rev-parse --show-toplevel [3ms]
2023-11-27 22:40:11.552 [info] fatal: not a git repository (or any parent up to mount point /mnt)
Stopping at filesystem boundary (GIT_DISCOVERY_ACROSS_FILESYSTEM not set).
2023-11-27 22:40:11.552 [info] > git rev-parse --show-toplevel [8ms]
2023-11-27 22:40:11.552 [info] fatal: not a git repository (or any parent up to mount point /mnt)
Stopping at filesystem boundary (GIT_DISCOVERY_ACROSS_FILESYSTEM not set).
2023-11-27 22:40:11.553 [info] > git rev-parse --show-toplevel [1ms]
2023-11-27 22:40:11.553 [info] fatal: not a git repository (or any parent up to mount point /mnt)
Stopping at filesystem boundary (GIT_DISCOVERY_ACROSS_FILESYSTEM not set).
2023-11-27 22:40:11.580 [info] > git rev-parse --show-toplevel [2ms]
2023-11-27 22:40:11.580 [info] fatal: not a git repository (or any parent up to mount point /mnt)
Stopping at filesystem boundary (GIT_DISCOVERY_ACROSS_FILESYSTEM not set).
2023-11-27 22:40:11.632 [info] > git rev-parse --show-toplevel [42ms]
2023-11-27 22:40:11.632 [info] fatal: not a git repository (or any parent up to mount point /mnt)
Stopping at filesystem boundary (GIT_DISCOVERY_ACROSS_FILESYSTEM not set).
2023-11-27 22:40:11.637 [info] > git rev-parse --show-toplevel [1ms]
2023-11-27 22:40:11.637 [info] fatal: not a git repository (or any parent up to mount point /mnt)
Stopping at filesystem boundary (GIT_DISCOVERY_ACROSS_FILESYSTEM not set).
2023-11-27 22:40:11.642 [info] > git rev-parse --show-toplevel [1ms]
2023-11-27 22:40:11.642 [info] fatal: not a git repository (or any parent up to mount point /mnt)
Stopping at filesystem boundary (GIT_DISCOVERY_ACROSS_FILESYSTEM not set).
2023-11-27 22:40:12.009 [info] > git rev-parse --show-toplevel [1ms]
2023-11-27 22:40:12.009 [info] fatal: not a git repository (or any parent up to mount point /mnt)
Stopping at filesystem boundary (GIT_DISCOVERY_ACROSS_FILESYSTEM not set).
2023-11-27 22:40:12.112 [info] > git rev-parse --show-toplevel [2ms]
2023-11-27 22:40:12.112 [info] fatal: not a git repository (or any parent up to mount point /mnt)
Stopping at filesystem boundary (GIT_DISCOVERY_ACROSS_FILESYSTEM not set).
2023-11-27 22:46:19.534 [info] > git rev-parse --show-toplevel [2ms]
2023-11-27 22:46:19.534 [info] fatal: not a git repository (or any parent up to mount point /mnt)
Stopping at filesystem boundary (GIT_DISCOVERY_ACROSS_FILESYSTEM not set).
