2023-11-27 20:33:19.208 [info] Added views:workbench.panel.markers.view in workbench.panel.markers
2023-11-27 20:33:19.208 [info] Added views:workbench.panel.output in workbench.panel.output
2023-11-27 20:33:19.208 [info] Added views:terminal in terminal
2023-11-27 20:33:19.208 [info] Added views:outline in workbench.view.explorer
2023-11-27 20:33:19.208 [info] Added views:workbench.scm in workbench.view.scm
2023-11-27 20:33:19.208 [info] Added views:workbench.view.search in workbench.view.search
2023-11-27 20:33:19.208 [info] Added views:timeline in workbench.view.explorer
2023-11-27 20:33:19.208 [info] Added views:workbench.explorer.emptyView in workbench.view.explorer
2023-11-27 20:33:19.267 [info] Added views:workbench.debug.welcome in workbench.view.debug
2023-11-27 20:33:19.338 [info] Added views:~remote.forwardedPorts in ~remote.forwardedPortsContainer
2023-11-27 20:33:19.489 [info] Added views:workbench.panel.repl.view in workbench.panel.repl
2023-11-27 20:33:47.772 [info] Added views:workbench.panel.markers.view in workbench.panel.markers
2023-11-27 20:33:47.772 [info] Added views:workbench.panel.output in workbench.panel.output
2023-11-27 20:33:47.772 [info] Added views:terminal in terminal
2023-11-27 20:33:47.772 [info] Added views:outline in workbench.view.explorer
2023-11-27 20:33:47.772 [info] Added views:workbench.scm in workbench.view.scm
2023-11-27 20:33:47.772 [info] Added views:workbench.view.search in workbench.view.search
2023-11-27 20:33:47.772 [info] Added views:timeline in workbench.view.explorer
2023-11-27 20:33:47.772 [info] Added views:workbench.explorer.fileView in workbench.view.explorer
2023-11-27 20:33:47.935 [info] Added views:workbench.debug.variablesView,workbench.debug.watchExpressionsView,workbench.debug.callStackView,workbench.debug.breakPointsView in workbench.view.debug
2023-11-27 20:33:47.955 [info] Added views:~remote.forwardedPorts in ~remote.forwardedPortsContainer
2023-11-27 20:33:48.021 [info] Added views:workbench.panel.repl.view in workbench.panel.repl
