
1 line less; before #14  1 second ago
4 lines yanked
4 more lines
4 fewer lines
4 more lines
4 more lines
1 change; before #26  3 seconds ago
71 fewer lines
71 fewer lines
71 more lines
71 fewer lines; before #4  1 second ago
14 fewer lines
14 fewer lines
15 fewer lines; before #15  66 seconds ago
14 more lines; before #14  67 seconds ago
1 change; before #13  20:30:53
1 line less; before #12  20:30:18
2 more lines; before #11  20:30:09
1 change; before #10  20:30:05
1 change; before #9  20:30:05
1 change; before #8  20:30:04
1 change; before #7  20:30:04
1 more line; before #6  20:29:50
1 more line; before #5  20:29:50
16 fewer lines; before #3  20:29:47
71 more lines; before #2  20:29:46
Already at oldest change
1 change; before #25  0 seconds ago
2 changes; before #68  2 seconds ago
2 changes; before #69  1 second ago
1 change; before #71  4 seconds ago
3 changes; before #70  14 seconds ago
3 fewer lines
3 more lines; before #72  2 seconds ago
1 change; before #78  2 seconds ago
1 change; before #77  4 seconds ago
1 change; before #76  4 seconds ago
1 more line; before #75  6 seconds ago
1 more line; before #74  6 seconds ago
1 more line; before #73  6 seconds ago
1 change; before #67  20:40:17
1 change; after #67  20:40:17
1 change; before #80  1 second ago
1 change; before #82  7 seconds ago
1 change; before #81  8 seconds ago
3 changes; before #79  12 seconds ago
1 change; before #67  20:40:17
1 change; before #66  20:40:16
1 more line; before #84  1 second ago
1 more line; before #83  1 second ago