2023-11-29 12:37:40.032 [info] Extension host with pid 28813 started
2023-11-29 12:37:40.032 [info] Skipping acquiring lock for /home/alfr/.config/Code - OSS/User/workspaceStorage/41b5a039553b45967f988d8805279c5a.
2023-11-29 12:37:40.089 [info] ExtensionService#_doActivateExtension mechatroner.rainbow-csv, startup: false, activationEvent: 'onLanguage:plaintext'
2023-11-29 12:37:40.095 [info] ExtensionService#_doActivateExtension vscode.emmet, startup: false, activationEvent: 'onLanguage'
2023-11-29 12:37:40.368 [info] Extension host with pid 28860 started
2023-11-29 12:37:40.368 [info] Skipping acquiring lock for /home/alfr/.config/Code - OSS/User/workspaceStorage/41b5a039553b45967f988d8805279c5a.
2023-11-29 12:37:40.496 [info] Eager extensions activated
2023-11-29 12:37:40.557 [info] ExtensionService#_doActivateExtension asvetliakov.vscode-neovim, startup: false, activationEvent: 'onStartupFinished'
2023-11-29 12:37:41.076 [info] ExtensionService#_doActivateExtension vscode.git-base, startup: true, activationEvent: '*', root cause: vscode.git
2023-11-29 12:37:41.078 [info] ExtensionService#_doActivateExtension vscode.git, startup: true, activationEvent: '*'
2023-11-29 12:37:41.114 [info] ExtensionService#_doActivateExtension vscode.github, startup: true, activationEvent: '*'
2023-11-29 12:37:41.146 [info] Eager extensions activated
2023-11-29 12:37:41.152 [info] ExtensionService#_doActivateExtension vscode.debug-auto-launch, startup: false, activationEvent: 'onStartupFinished'
2023-11-29 12:37:41.153 [info] ExtensionService#_doActivateExtension vscode.merge-conflict, startup: false, activationEvent: 'onStartupFinished'
2023-11-29 12:37:41.165 [info] ExtensionService#_doActivateExtension Equinusocio.vsc-material-theme, startup: false, activationEvent: 'onStartupFinished'
2023-11-29 12:37:41.169 [info] ExtensionService#_doActivateExtension equinusocio.vsc-material-theme-icons, startup: false, activationEvent: 'onStartupFinished'
2023-11-29 12:37:41.182 [info] ExtensionService#_doActivateExtension shardulm94.trailing-spaces, startup: false, activationEvent: 'onStartupFinished'
2023-11-29 12:37:41.192 [info] ExtensionService#_doActivateExtension vscode-icons-team.vscode-icons, startup: false, activationEvent: 'onStartupFinished'
2023-11-29 12:37:46.113 [info] ExtensionService#_doActivateExtension vscode.json-language-features, startup: false, activationEvent: 'onLanguage:jsonc'
2023-11-29 12:37:46.145 [info] ExtensionService#_doActivateExtension vscode.typescript-language-features, startup: false, activationEvent: 'onLanguage:jsonc'
