2023-11-27 20:36:14.848 [info] Extension host with pid 889196 started
2023-11-27 20:36:14.848 [info] Skipping acquiring lock for /home/alfr/.config/Code - OSS/User/workspaceStorage/41b5a039553b45967f988d8805279c5a.
2023-11-27 20:36:14.935 [info] ExtensionService#_doActivateExtension mechatroner.rainbow-csv, startup: false, activationEvent: 'onLanguage:plaintext'
2023-11-27 20:36:14.939 [info] ExtensionService#_doActivateExtension vscode.emmet, startup: false, activationEvent: 'onLanguage'
2023-11-27 20:36:15.201 [info] Extension host with pid 889270 started
2023-11-27 20:36:15.201 [info] Skipping acquiring lock for /home/alfr/.config/Code - OSS/User/workspaceStorage/41b5a039553b45967f988d8805279c5a.
2023-11-27 20:36:15.203 [info] Eager extensions activated
2023-11-27 20:36:15.392 [info] ExtensionService#_doActivateExtension asvetliakov.vscode-neovim, startup: false, activationEvent: 'onStartupFinished'
2023-11-27 20:36:15.897 [info] ExtensionService#_doActivateExtension vscode.git-base, startup: true, activationEvent: '*', root cause: vscode.git
2023-11-27 20:36:15.899 [info] ExtensionService#_doActivateExtension vscode.git, startup: true, activationEvent: '*'
2023-11-27 20:36:15.934 [info] ExtensionService#_doActivateExtension vscode.github, startup: true, activationEvent: '*'
2023-11-27 20:36:15.972 [info] Eager extensions activated
2023-11-27 20:36:15.980 [info] ExtensionService#_doActivateExtension vscode.debug-auto-launch, startup: false, activationEvent: 'onStartupFinished'
2023-11-27 20:36:15.981 [info] ExtensionService#_doActivateExtension vscode.merge-conflict, startup: false, activationEvent: 'onStartupFinished'
2023-11-27 20:36:15.992 [info] ExtensionService#_doActivateExtension Equinusocio.vsc-material-theme, startup: false, activationEvent: 'onStartupFinished'
2023-11-27 20:36:15.995 [info] ExtensionService#_doActivateExtension equinusocio.vsc-material-theme-icons, startup: false, activationEvent: 'onStartupFinished'
2023-11-27 20:36:16.003 [info] ExtensionService#_doActivateExtension shardulm94.trailing-spaces, startup: false, activationEvent: 'onStartupFinished'
2023-11-27 20:36:16.009 [info] ExtensionService#_doActivateExtension vscode-icons-team.vscode-icons, startup: false, activationEvent: 'onStartupFinished'
2023-11-27 20:36:20.581 [info] ExtensionService#_doActivateExtension vscode.json-language-features, startup: false, activationEvent: 'onLanguage:jsonc'
2023-11-27 20:36:20.611 [info] ExtensionService#_doActivateExtension vscode.typescript-language-features, startup: false, activationEvent: 'onLanguage:jsonc'
2023-11-27 20:37:24.072 [info] Extension host terminating: renderer closed the MessagePort
2023-11-27 20:37:24.077 [error] Canceled: Canceled
	at new f (/usr/lib/code/out/vs/workbench/api/node/extensionHostProcess.js:125:108614)
	at n.U (/usr/lib/code/out/vs/workbench/api/node/extensionHostProcess.js:134:10873)
	at F.<computed>.z.charCodeAt.F.<computed> (/usr/lib/code/out/vs/workbench/api/node/extensionHostProcess.js:134:8315)
	at i.g (/usr/lib/code/out/vs/workbench/api/node/extensionHostProcess.js:125:139130)
	at i.executeCommand (/usr/lib/code/out/vs/workbench/api/node/extensionHostProcess.js:125:138568)
	at $.registerCommand.description (/usr/lib/code/out/vs/workbench/api/node/extensionHostProcess.js:125:137892)
	at i.h (/usr/lib/code/out/vs/workbench/api/node/extensionHostProcess.js:125:139669)
	at i.g (/usr/lib/code/out/vs/workbench/api/node/extensionHostProcess.js:125:138661)
	at i.executeCommand (/usr/lib/code/out/vs/workbench/api/node/extensionHostProcess.js:125:138568)
	at Object.executeCommand (/usr/lib/code/out/vs/workbench/api/node/extensionHostProcess.js:140:21329)
	at x.<anonymous> (/home/alfr/.vscode-oss/extensions/asvetliakov.vscode-neovim-1.1.4-universal/dist/extension.js:1:234389)
	at Generator.next (<anonymous>)
	at /home/alfr/.vscode-oss/extensions/asvetliakov.vscode-neovim-1.1.4-universal/dist/extension.js:1:232254
	at new Promise (<anonymous>)
	at u (/home/alfr/.vscode-oss/extensions/asvetliakov.vscode-neovim-1.1.4-universal/dist/extension.js:1:231999)
	at x.set (/home/alfr/.vscode-oss/extensions/asvetliakov.vscode-neovim-1.1.4-universal/dist/extension.js:1:234268)
	at Module.Er (/home/alfr/.vscode-oss/extensions/asvetliakov.vscode-neovim-1.1.4-universal/dist/extension.js:1:327741)
	at h.cb (/usr/lib/code/out/vs/workbench/api/node/extensionHostProcess.js:136:9648)
	at /usr/lib/code/out/vs/workbench/api/node/extensionHostProcess.js:136:7793
	at Array.map (<anonymous>)
	at h.Y (/usr/lib/code/out/vs/workbench/api/node/extensionHostProcess.js:136:7781)
	at h.terminate (/usr/lib/code/out/vs/workbench/api/node/extensionHostProcess.js:136:8051)
	at o.terminate (/usr/lib/code/out/vs/workbench/api/node/extensionHostProcess.js:140:1513)
	at a (/usr/lib/code/out/vs/workbench/api/node/extensionHostProcess.js:153:9817)
	at MessagePortMain.<anonymous> (/usr/lib/code/out/vs/workbench/api/node/extensionHostProcess.js:153:6242)
	at MessagePortMain.emit (node:events:513:28)
	at MessagePortMain._internalPort.emit (node:electron/js2c/utility_init:2:367) setContext undefined
2023-11-27 20:37:24.077 [error] Canceled: Canceled
	at new f (/usr/lib/code/out/vs/workbench/api/node/extensionHostProcess.js:125:108614)
	at n.U (/usr/lib/code/out/vs/workbench/api/node/extensionHostProcess.js:134:10873)
	at F.<computed>.z.charCodeAt.F.<computed> (/usr/lib/code/out/vs/workbench/api/node/extensionHostProcess.js:134:8315)
	at i.g (/usr/lib/code/out/vs/workbench/api/node/extensionHostProcess.js:125:139130)
	at i.executeCommand (/usr/lib/code/out/vs/workbench/api/node/extensionHostProcess.js:125:138568)
	at $.registerCommand.description (/usr/lib/code/out/vs/workbench/api/node/extensionHostProcess.js:125:137892)
	at i.h (/usr/lib/code/out/vs/workbench/api/node/extensionHostProcess.js:125:139669)
	at i.g (/usr/lib/code/out/vs/workbench/api/node/extensionHostProcess.js:125:138661)
	at i.executeCommand (/usr/lib/code/out/vs/workbench/api/node/extensionHostProcess.js:125:138568)
	at Object.executeCommand (/usr/lib/code/out/vs/workbench/api/node/extensionHostProcess.js:140:21329)
	at x.<anonymous> (/home/alfr/.vscode-oss/extensions/asvetliakov.vscode-neovim-1.1.4-universal/dist/extension.js:1:234389)
	at Generator.next (<anonymous>)
	at /home/alfr/.vscode-oss/extensions/asvetliakov.vscode-neovim-1.1.4-universal/dist/extension.js:1:232254
	at new Promise (<anonymous>)
	at u (/home/alfr/.vscode-oss/extensions/asvetliakov.vscode-neovim-1.1.4-universal/dist/extension.js:1:231999)
	at x.set (/home/alfr/.vscode-oss/extensions/asvetliakov.vscode-neovim-1.1.4-universal/dist/extension.js:1:234268)
	at Module.Er (/home/alfr/.vscode-oss/extensions/asvetliakov.vscode-neovim-1.1.4-universal/dist/extension.js:1:327762)
	at h.cb (/usr/lib/code/out/vs/workbench/api/node/extensionHostProcess.js:136:9648)
	at /usr/lib/code/out/vs/workbench/api/node/extensionHostProcess.js:136:7793
	at Array.map (<anonymous>)
	at h.Y (/usr/lib/code/out/vs/workbench/api/node/extensionHostProcess.js:136:7781)
	at h.terminate (/usr/lib/code/out/vs/workbench/api/node/extensionHostProcess.js:136:8051)
	at o.terminate (/usr/lib/code/out/vs/workbench/api/node/extensionHostProcess.js:140:1513)
	at a (/usr/lib/code/out/vs/workbench/api/node/extensionHostProcess.js:153:9817)
	at MessagePortMain.<anonymous> (/usr/lib/code/out/vs/workbench/api/node/extensionHostProcess.js:153:6242)
	at MessagePortMain.emit (node:events:513:28)
	at MessagePortMain._internalPort.emit (node:electron/js2c/utility_init:2:367) setContext undefined
2023-11-27 20:37:24.077 [info] Extension host with pid 889270 exiting with code 0
2023-11-27 20:37:24.099 [info] Extension host terminating: renderer closed the MessagePort
2023-11-27 20:37:24.103 [info] Extension host with pid 889196 exiting with code 0
