2023-11-23 20:00:14.569 [info] Extension host with pid 1061201 started
2023-11-23 20:00:14.569 [info] Skipping acquiring lock for /home/alfr/.config/Code - OSS/User/workspaceStorage/a572657902a85afb22731a6fd2aad6a3.
2023-11-23 20:00:14.578 [info] ExtensionService#_doActivateExtension vscode.git-base, startup: true, activationEvent: '*', root cause: vscode.git
2023-11-23 20:00:14.608 [info] ExtensionService#_doActivateExtension vscode.git, startup: true, activationEvent: '*'
2023-11-23 20:00:14.645 [info] Extension host with pid 1061222 started
2023-11-23 20:00:14.645 [info] Skipping acquiring lock for /home/alfr/.config/Code - OSS/User/workspaceStorage/a572657902a85afb22731a6fd2aad6a3.
2023-11-23 20:00:14.645 [info] ExtensionService#_doActivateExtension vscode.github, startup: true, activationEvent: '*'
2023-11-23 20:00:14.646 [info] Eager extensions activated
2023-11-23 20:00:14.648 [info] ExtensionService#_doActivateExtension asvetliakov.vscode-neovim, startup: false, activationEvent: 'onStartupFinished'
2023-11-23 20:00:14.680 [info] Eager extensions activated
2023-11-23 20:00:14.689 [info] ExtensionService#_doActivateExtension vscode.debug-auto-launch, startup: false, activationEvent: 'onStartupFinished'
2023-11-23 20:00:14.691 [info] ExtensionService#_doActivateExtension vscode.merge-conflict, startup: false, activationEvent: 'onStartupFinished'
2023-11-23 20:00:14.707 [info] ExtensionService#_doActivateExtension Equinusocio.vsc-material-theme, startup: false, activationEvent: 'onStartupFinished'
2023-11-23 20:00:14.710 [info] ExtensionService#_doActivateExtension equinusocio.vsc-material-theme-icons, startup: false, activationEvent: 'onStartupFinished'
2023-11-23 20:00:14.719 [info] ExtensionService#_doActivateExtension shardulm94.trailing-spaces, startup: false, activationEvent: 'onStartupFinished'
2023-11-23 20:00:14.725 [info] ExtensionService#_doActivateExtension vscode-icons-team.vscode-icons, startup: false, activationEvent: 'onStartupFinished'
2023-11-23 20:00:16.287 [info] ExtensionService#_doActivateExtension vscode.html-language-features, startup: false, activationEvent: 'onLanguage:html'
2023-11-23 20:00:16.319 [info] ExtensionService#_doActivateExtension vscode.emmet, startup: false, activationEvent: 'onLanguage'
2023-11-23 20:00:16.658 [info] ExtensionService#_doActivateExtension vscode.typescript-language-features, startup: false, activationEvent: 'onLanguage:javascript'
2023-11-24 00:36:15.593 [info] ExtensionService#_doActivateExtension vscode.npm, startup: false, activationEvent: 'onTerminalQuickFixRequest:ms-vscode.npm-command'
2023-11-24 00:36:20.704 [info] Extension host terminating: renderer closed the MessagePort
2023-11-24 00:36:20.710 [warning] ExtHostTextEditorOptions 'setCursorStyle' failed:'
2023-11-24 00:36:20.710 [warning] Canceled
2023-11-24 00:36:20.710 [error] Canceled: Canceled
	at new f (/usr/lib/code/out/vs/workbench/api/node/extensionHostProcess.js:125:108614)
	at n.U (/usr/lib/code/out/vs/workbench/api/node/extensionHostProcess.js:134:10873)
	at F.<computed>.z.charCodeAt.F.<computed> (/usr/lib/code/out/vs/workbench/api/node/extensionHostProcess.js:134:8315)
	at i.g (/usr/lib/code/out/vs/workbench/api/node/extensionHostProcess.js:125:139130)
	at i.executeCommand (/usr/lib/code/out/vs/workbench/api/node/extensionHostProcess.js:125:138568)
	at $.registerCommand.description (/usr/lib/code/out/vs/workbench/api/node/extensionHostProcess.js:125:137892)
	at i.h (/usr/lib/code/out/vs/workbench/api/node/extensionHostProcess.js:125:139669)
	at i.g (/usr/lib/code/out/vs/workbench/api/node/extensionHostProcess.js:125:138661)
	at i.executeCommand (/usr/lib/code/out/vs/workbench/api/node/extensionHostProcess.js:125:138568)
	at Object.executeCommand (/usr/lib/code/out/vs/workbench/api/node/extensionHostProcess.js:140:21329)
	at x.<anonymous> (/home/alfr/.vscode-oss/extensions/asvetliakov.vscode-neovim-1.1.3-universal/dist/extension.js:1:234389)
	at Generator.next (<anonymous>)
	at /home/alfr/.vscode-oss/extensions/asvetliakov.vscode-neovim-1.1.3-universal/dist/extension.js:1:232254
	at new Promise (<anonymous>)
	at u (/home/alfr/.vscode-oss/extensions/asvetliakov.vscode-neovim-1.1.3-universal/dist/extension.js:1:231999)
	at x.set (/home/alfr/.vscode-oss/extensions/asvetliakov.vscode-neovim-1.1.3-universal/dist/extension.js:1:234268)
	at Module.Er (/home/alfr/.vscode-oss/extensions/asvetliakov.vscode-neovim-1.1.3-universal/dist/extension.js:1:327741)
	at h.cb (/usr/lib/code/out/vs/workbench/api/node/extensionHostProcess.js:136:9648)
	at /usr/lib/code/out/vs/workbench/api/node/extensionHostProcess.js:136:7793
	at Array.map (<anonymous>)
	at h.Y (/usr/lib/code/out/vs/workbench/api/node/extensionHostProcess.js:136:7781)
	at h.terminate (/usr/lib/code/out/vs/workbench/api/node/extensionHostProcess.js:136:8051)
	at o.terminate (/usr/lib/code/out/vs/workbench/api/node/extensionHostProcess.js:140:1513)
	at a (/usr/lib/code/out/vs/workbench/api/node/extensionHostProcess.js:153:9817)
	at MessagePortMain.<anonymous> (/usr/lib/code/out/vs/workbench/api/node/extensionHostProcess.js:153:6242)
	at MessagePortMain.emit (node:events:513:28)
	at MessagePortMain._internalPort.emit (node:electron/js2c/utility_init:2:367) setContext undefined
2023-11-24 00:36:20.710 [error] Canceled: Canceled
	at new f (/usr/lib/code/out/vs/workbench/api/node/extensionHostProcess.js:125:108614)
	at n.U (/usr/lib/code/out/vs/workbench/api/node/extensionHostProcess.js:134:10873)
	at F.<computed>.z.charCodeAt.F.<computed> (/usr/lib/code/out/vs/workbench/api/node/extensionHostProcess.js:134:8315)
	at i.g (/usr/lib/code/out/vs/workbench/api/node/extensionHostProcess.js:125:139130)
	at i.executeCommand (/usr/lib/code/out/vs/workbench/api/node/extensionHostProcess.js:125:138568)
	at $.registerCommand.description (/usr/lib/code/out/vs/workbench/api/node/extensionHostProcess.js:125:137892)
	at i.h (/usr/lib/code/out/vs/workbench/api/node/extensionHostProcess.js:125:139669)
	at i.g (/usr/lib/code/out/vs/workbench/api/node/extensionHostProcess.js:125:138661)
	at i.executeCommand (/usr/lib/code/out/vs/workbench/api/node/extensionHostProcess.js:125:138568)
	at Object.executeCommand (/usr/lib/code/out/vs/workbench/api/node/extensionHostProcess.js:140:21329)
	at x.<anonymous> (/home/alfr/.vscode-oss/extensions/asvetliakov.vscode-neovim-1.1.3-universal/dist/extension.js:1:234389)
	at Generator.next (<anonymous>)
	at /home/alfr/.vscode-oss/extensions/asvetliakov.vscode-neovim-1.1.3-universal/dist/extension.js:1:232254
	at new Promise (<anonymous>)
	at u (/home/alfr/.vscode-oss/extensions/asvetliakov.vscode-neovim-1.1.3-universal/dist/extension.js:1:231999)
	at x.set (/home/alfr/.vscode-oss/extensions/asvetliakov.vscode-neovim-1.1.3-universal/dist/extension.js:1:234268)
	at Module.Er (/home/alfr/.vscode-oss/extensions/asvetliakov.vscode-neovim-1.1.3-universal/dist/extension.js:1:327762)
	at h.cb (/usr/lib/code/out/vs/workbench/api/node/extensionHostProcess.js:136:9648)
	at /usr/lib/code/out/vs/workbench/api/node/extensionHostProcess.js:136:7793
	at Array.map (<anonymous>)
	at h.Y (/usr/lib/code/out/vs/workbench/api/node/extensionHostProcess.js:136:7781)
	at h.terminate (/usr/lib/code/out/vs/workbench/api/node/extensionHostProcess.js:136:8051)
	at o.terminate (/usr/lib/code/out/vs/workbench/api/node/extensionHostProcess.js:140:1513)
	at a (/usr/lib/code/out/vs/workbench/api/node/extensionHostProcess.js:153:9817)
	at MessagePortMain.<anonymous> (/usr/lib/code/out/vs/workbench/api/node/extensionHostProcess.js:153:6242)
	at MessagePortMain.emit (node:events:513:28)
	at MessagePortMain._internalPort.emit (node:electron/js2c/utility_init:2:367) setContext undefined
2023-11-24 00:36:20.710 [info] Extension host with pid 1061222 exiting with code 0
2023-11-24 00:36:20.733 [info] Extension host terminating: renderer closed the MessagePort
2023-11-24 00:36:20.737 [info] Extension host with pid 1061201 exiting with code 0
